<?xml version="1.0" encoding="UTF-8"?>
<!-- Generated by org.testng.reporters.JUnitReportReporter -->
<testsuite skipped="0" hostname="DESKTOP-U7JBJPI" name="com.crowdar.bdd.cukes.TestNGSecuencialRunner" tests="1" failures="0" timestamp="30 nov 2023 09:41:10 GMT" time="49.327" errors="0">
  <testcase name="runScenario" time="49.327" classname="com.crowdar.bdd.cukes.TestNGSecuencialRunner"/>
</testsuite> <!-- com.crowdar.bdd.cukes.TestNGSecuencialRunner -->
